
*** Running vivado
    with args -log design_1_blk_mem_gen_0_1.vds -m64 -product Vivado -mode batch -messageDb vivado.pb -notrace -source design_1_blk_mem_gen_0_1.tcl


****** Vivado v2016.4 (64-bit)
  **** SW Build 1756540 on Mon Jan 23 19:11:23 MST 2017
  **** IP Build 1755317 on Mon Jan 23 20:30:07 MST 2017
    ** Copyright 1986-2016 Xilinx, Inc. All Rights Reserved.

source design_1_blk_mem_gen_0_1.tcl -notrace
Starting RTL Elaboration : Time (s): cpu = 00:00:08 ; elapsed = 00:00:09 . Memory (MB): peak = 324.660 ; gain = 114.367
INFO: [Synth 8-638] synthesizing module 'design_1_blk_mem_gen_0_1' [c:/Users/Jeff/Version2016_4/system_wrapper_v2/system_wrapper.srcs/sources_1/bd/design_1/ip/design_1_blk_mem_gen_0_1/synth/design_1_blk_mem_gen_0_1.vhd:78]
INFO: [Synth 8-256] done synthesizing module 'design_1_blk_mem_gen_0_1' (9#1) [c:/Users/Jeff/Version2016_4/system_wrapper_v2/system_wrapper.srcs/sources_1/bd/design_1/ip/design_1_blk_mem_gen_0_1/synth/design_1_blk_mem_gen_0_1.vhd:78]
Finished RTL Elaboration : Time (s): cpu = 00:00:49 ; elapsed = 00:00:52 . Memory (MB): peak = 523.910 ; gain = 313.617
Finished RTL Optimization Phase 1 : Time (s): cpu = 00:00:49 ; elapsed = 00:00:52 . Memory (MB): peak = 523.910 ; gain = 313.617
INFO: [Device 21-403] Loading part xc7z020clg484-1
Constraint Validation Runtime : Time (s): cpu = 00:00:00 ; elapsed = 00:00:00.022 . Memory (MB): peak = 611.453 ; gain = 0.000
Finished Constraint Validation : Time (s): cpu = 00:00:57 ; elapsed = 00:01:00 . Memory (MB): peak = 611.453 ; gain = 401.160
Finished Loading Part and Timing Information : Time (s): cpu = 00:00:57 ; elapsed = 00:01:00 . Memory (MB): peak = 611.453 ; gain = 401.160
Finished applying 'set_property' XDC Constraints : Time (s): cpu = 00:00:57 ; elapsed = 00:01:00 . Memory (MB): peak = 611.453 ; gain = 401.160
Finished RTL Optimization Phase 2 : Time (s): cpu = 00:00:57 ; elapsed = 00:01:01 . Memory (MB): peak = 611.453 ; gain = 401.160
Finished Cross Boundary and Area Optimization : Time (s): cpu = 00:00:57 ; elapsed = 00:01:01 . Memory (MB): peak = 611.453 ; gain = 401.160
Finished Applying XDC Timing Constraints : Time (s): cpu = 00:01:06 ; elapsed = 00:01:09 . Memory (MB): peak = 629.379 ; gain = 419.086
Finished Timing Optimization : Time (s): cpu = 00:01:06 ; elapsed = 00:01:09 . Memory (MB): peak = 630.332 ; gain = 420.039
Finished Technology Mapping : Time (s): cpu = 00:01:06 ; elapsed = 00:01:09 . Memory (MB): peak = 639.977 ; gain = 429.684
Finished IO Insertion : Time (s): cpu = 00:01:06 ; elapsed = 00:01:10 . Memory (MB): peak = 639.977 ; gain = 429.684
Finished Renaming Generated Instances : Time (s): cpu = 00:01:06 ; elapsed = 00:01:10 . Memory (MB): peak = 639.977 ; gain = 429.684
Finished Rebuilding User Hierarchy : Time (s): cpu = 00:01:06 ; elapsed = 00:01:10 . Memory (MB): peak = 639.977 ; gain = 429.684
Finished Renaming Generated Ports : Time (s): cpu = 00:01:06 ; elapsed = 00:01:10 . Memory (MB): peak = 639.977 ; gain = 429.684
Finished Handling Custom Attributes : Time (s): cpu = 00:01:06 ; elapsed = 00:01:10 . Memory (MB): peak = 639.977 ; gain = 429.684
Finished Renaming Generated Nets : Time (s): cpu = 00:01:06 ; elapsed = 00:01:10 . Memory (MB): peak = 639.977 ; gain = 429.684

Report Cell Usage: 
+------+---------+------+
|      |Cell     |Count |
+------+---------+------+
|1     |RAMB36E1 |     2|
+------+---------+------+
Finished Writing Synthesis Report : Time (s): cpu = 00:01:06 ; elapsed = 00:01:10 . Memory (MB): peak = 639.977 ; gain = 429.684
synth_design: Time (s): cpu = 00:01:04 ; elapsed = 00:01:07 . Memory (MB): peak = 668.637 ; gain = 421.621
