
*** Running vivado
    with args -log blk_mem_gen_1.vds -m64 -product Vivado -mode batch -messageDb vivado.pb -notrace -source blk_mem_gen_1.tcl


****** Vivado v2016.4 (64-bit)
  **** SW Build 1756540 on Mon Jan 23 19:11:23 MST 2017
  **** IP Build 1755317 on Mon Jan 23 20:30:07 MST 2017
    ** Copyright 1986-2016 Xilinx, Inc. All Rights Reserved.

source blk_mem_gen_1.tcl -notrace
Starting RTL Elaboration : Time (s): cpu = 00:00:08 ; elapsed = 00:00:10 . Memory (MB): peak = 324.129 ; gain = 114.211
INFO: [Synth 8-638] synthesizing module 'blk_mem_gen_1' [c:/Users/Jeff/Version2016_4/CNN_1/CNN_1.srcs/sources_1/ip/blk_mem_gen_1/synth/blk_mem_gen_1.vhd:74]
INFO: [Synth 8-256] done synthesizing module 'blk_mem_gen_1' (9#1) [c:/Users/Jeff/Version2016_4/CNN_1/CNN_1.srcs/sources_1/ip/blk_mem_gen_1/synth/blk_mem_gen_1.vhd:74]
Finished RTL Elaboration : Time (s): cpu = 00:00:49 ; elapsed = 00:00:53 . Memory (MB): peak = 522.293 ; gain = 312.375
Finished RTL Optimization Phase 1 : Time (s): cpu = 00:00:50 ; elapsed = 00:00:53 . Memory (MB): peak = 522.293 ; gain = 312.375
INFO: [Device 21-403] Loading part xc7z020clg484-1
Constraint Validation Runtime : Time (s): cpu = 00:00:00 ; elapsed = 00:00:00.026 . Memory (MB): peak = 603.777 ; gain = 0.000
Finished Constraint Validation : Time (s): cpu = 00:00:58 ; elapsed = 00:01:02 . Memory (MB): peak = 603.777 ; gain = 393.859
Finished Loading Part and Timing Information : Time (s): cpu = 00:00:58 ; elapsed = 00:01:02 . Memory (MB): peak = 603.777 ; gain = 393.859
Finished applying 'set_property' XDC Constraints : Time (s): cpu = 00:00:58 ; elapsed = 00:01:02 . Memory (MB): peak = 603.777 ; gain = 393.859
Finished RTL Optimization Phase 2 : Time (s): cpu = 00:00:59 ; elapsed = 00:01:03 . Memory (MB): peak = 603.777 ; gain = 393.859
Finished Cross Boundary and Area Optimization : Time (s): cpu = 00:00:59 ; elapsed = 00:01:03 . Memory (MB): peak = 603.777 ; gain = 393.859
Finished Applying XDC Timing Constraints : Time (s): cpu = 00:01:09 ; elapsed = 00:01:13 . Memory (MB): peak = 628.922 ; gain = 419.004
Finished Timing Optimization : Time (s): cpu = 00:01:09 ; elapsed = 00:01:13 . Memory (MB): peak = 628.930 ; gain = 419.012
Finished Technology Mapping : Time (s): cpu = 00:01:09 ; elapsed = 00:01:13 . Memory (MB): peak = 638.590 ; gain = 428.672
Finished IO Insertion : Time (s): cpu = 00:01:09 ; elapsed = 00:01:13 . Memory (MB): peak = 638.590 ; gain = 428.672
Finished Renaming Generated Instances : Time (s): cpu = 00:01:09 ; elapsed = 00:01:13 . Memory (MB): peak = 638.590 ; gain = 428.672
Finished Rebuilding User Hierarchy : Time (s): cpu = 00:01:09 ; elapsed = 00:01:13 . Memory (MB): peak = 638.590 ; gain = 428.672
Finished Renaming Generated Ports : Time (s): cpu = 00:01:09 ; elapsed = 00:01:13 . Memory (MB): peak = 638.590 ; gain = 428.672
Finished Handling Custom Attributes : Time (s): cpu = 00:01:09 ; elapsed = 00:01:13 . Memory (MB): peak = 638.590 ; gain = 428.672
Finished Renaming Generated Nets : Time (s): cpu = 00:01:09 ; elapsed = 00:01:13 . Memory (MB): peak = 638.590 ; gain = 428.672

Report Cell Usage: 
+------+---------+------+
|      |Cell     |Count |
+------+---------+------+
|1     |RAMB36E1 |     1|
+------+---------+------+
Finished Writing Synthesis Report : Time (s): cpu = 00:01:09 ; elapsed = 00:01:13 . Memory (MB): peak = 638.590 ; gain = 428.672
synth_design: Time (s): cpu = 00:01:08 ; elapsed = 00:01:10 . Memory (MB): peak = 667.309 ; gain = 420.711
