
*** Running vivado
    with args -log design_1_axi_bram_ctrl_0_0.vds -m64 -product Vivado -mode batch -messageDb vivado.pb -notrace -source design_1_axi_bram_ctrl_0_0.tcl


****** Vivado v2016.4 (64-bit)
  **** SW Build 1756540 on Mon Jan 23 19:11:23 MST 2017
  **** IP Build 1755317 on Mon Jan 23 20:30:07 MST 2017
    ** Copyright 1986-2016 Xilinx, Inc. All Rights Reserved.

source design_1_axi_bram_ctrl_0_0.tcl -notrace
Starting RTL Elaboration : Time (s): cpu = 00:00:08 ; elapsed = 00:00:10 . Memory (MB): peak = 325.445 ; gain = 115.156
INFO: [Synth 8-638] synthesizing module 'design_1_axi_bram_ctrl_0_0' [c:/Users/Jeff/Version2016_4/system_wrapper_v2/system_wrapper.srcs/sources_1/bd/design_1/ip/design_1_axi_bram_ctrl_0_0/synth/design_1_axi_bram_ctrl_0_0.vhd:108]
INFO: [Synth 8-638] synthesizing module 'axi_bram_ctrl' [c:/Users/Jeff/Version2016_4/system_wrapper_v2/system_wrapper.srcs/sources_1/bd/design_1/ipshared/91f5/hdl/axi_bram_ctrl_v4_0_rfs.vhd:23897]
INFO: [Synth 8-638] synthesizing module 'axi_bram_ctrl_top' [c:/Users/Jeff/Version2016_4/system_wrapper_v2/system_wrapper.srcs/sources_1/bd/design_1/ipshared/91f5/hdl/axi_bram_ctrl_v4_0_rfs.vhd:22901]
INFO: [Synth 8-638] synthesizing module 'full_axi' [c:/Users/Jeff/Version2016_4/system_wrapper_v2/system_wrapper.srcs/sources_1/bd/design_1/ipshared/91f5/hdl/axi_bram_ctrl_v4_0_rfs.vhd:21844]
INFO: [Synth 8-638] synthesizing module 'sng_port_arb' [c:/Users/Jeff/Version2016_4/system_wrapper_v2/system_wrapper.srcs/sources_1/bd/design_1/ipshared/91f5/hdl/axi_bram_ctrl_v4_0_rfs.vhd:9216]
INFO: [Synth 8-256] done synthesizing module 'sng_port_arb' (1#1) [c:/Users/Jeff/Version2016_4/system_wrapper_v2/system_wrapper.srcs/sources_1/bd/design_1/ipshared/91f5/hdl/axi_bram_ctrl_v4_0_rfs.vhd:9216]
INFO: [Synth 8-638] synthesizing module 'wr_chnl' [c:/Users/Jeff/Version2016_4/system_wrapper_v2/system_wrapper.srcs/sources_1/bd/design_1/ipshared/91f5/hdl/axi_bram_ctrl_v4_0_rfs.vhd:17009]
INFO: [Synth 8-638] synthesizing module 'wrap_brst' [c:/Users/Jeff/Version2016_4/system_wrapper_v2/system_wrapper.srcs/sources_1/bd/design_1/ipshared/91f5/hdl/axi_bram_ctrl_v4_0_rfs.vhd:10215]
INFO: [Synth 8-256] done synthesizing module 'wrap_brst' (2#1) [c:/Users/Jeff/Version2016_4/system_wrapper_v2/system_wrapper.srcs/sources_1/bd/design_1/ipshared/91f5/hdl/axi_bram_ctrl_v4_0_rfs.vhd:10215]
INFO: [Synth 8-638] synthesizing module 'SRL_FIFO' [c:/Users/Jeff/Version2016_4/system_wrapper_v2/system_wrapper.srcs/sources_1/bd/design_1/ipshared/91f5/hdl/axi_bram_ctrl_v4_0_rfs.vhd:133]
INFO: [Synth 8-638] synthesizing module 'FDR' [C:/Xilinx/Vivado/2016.4/scripts/rt/data/unisim_comp.v:3951]
INFO: [Synth 8-256] done synthesizing module 'FDR' (3#1) [C:/Xilinx/Vivado/2016.4/scripts/rt/data/unisim_comp.v:3951]
INFO: [Synth 8-638] synthesizing module 'MUXCY_L' [C:/Xilinx/Vivado/2016.4/scripts/rt/data/unisim_comp.v:21293]
INFO: [Synth 8-256] done synthesizing module 'MUXCY_L' (4#1) [C:/Xilinx/Vivado/2016.4/scripts/rt/data/unisim_comp.v:21293]
INFO: [Synth 8-638] synthesizing module 'XORCY' [C:/Xilinx/Vivado/2016.4/scripts/rt/data/unisim_comp.v:45340]
INFO: [Synth 8-256] done synthesizing module 'XORCY' (5#1) [C:/Xilinx/Vivado/2016.4/scripts/rt/data/unisim_comp.v:45340]
INFO: [Synth 8-638] synthesizing module 'FDRE' [C:/Xilinx/Vivado/2016.4/scripts/rt/data/unisim_comp.v:3964]
INFO: [Synth 8-256] done synthesizing module 'FDRE' (6#1) [C:/Xilinx/Vivado/2016.4/scripts/rt/data/unisim_comp.v:3964]
INFO: [Synth 8-638] synthesizing module 'SRL16E' [C:/Xilinx/Vivado/2016.4/scripts/rt/data/unisim_comp.v:43328]
INFO: [Synth 8-256] done synthesizing module 'SRL16E' (7#1) [C:/Xilinx/Vivado/2016.4/scripts/rt/data/unisim_comp.v:43328]
INFO: [Synth 8-256] done synthesizing module 'SRL_FIFO' (8#1) [c:/Users/Jeff/Version2016_4/system_wrapper_v2/system_wrapper.srcs/sources_1/bd/design_1/ipshared/91f5/hdl/axi_bram_ctrl_v4_0_rfs.vhd:133]
INFO: [Synth 8-256] done synthesizing module 'wr_chnl' (9#1) [c:/Users/Jeff/Version2016_4/system_wrapper_v2/system_wrapper.srcs/sources_1/bd/design_1/ipshared/91f5/hdl/axi_bram_ctrl_v4_0_rfs.vhd:17009]
INFO: [Synth 8-638] synthesizing module 'rd_chnl' [c:/Users/Jeff/Version2016_4/system_wrapper_v2/system_wrapper.srcs/sources_1/bd/design_1/ipshared/91f5/hdl/axi_bram_ctrl_v4_0_rfs.vhd:11495]
INFO: [Synth 8-256] done synthesizing module 'rd_chnl' (10#1) [c:/Users/Jeff/Version2016_4/system_wrapper_v2/system_wrapper.srcs/sources_1/bd/design_1/ipshared/91f5/hdl/axi_bram_ctrl_v4_0_rfs.vhd:11495]
INFO: [Synth 8-256] done synthesizing module 'full_axi' (11#1) [c:/Users/Jeff/Version2016_4/system_wrapper_v2/system_wrapper.srcs/sources_1/bd/design_1/ipshared/91f5/hdl/axi_bram_ctrl_v4_0_rfs.vhd:21844]
INFO: [Synth 8-256] done synthesizing module 'axi_bram_ctrl_top' (12#1) [c:/Users/Jeff/Version2016_4/system_wrapper_v2/system_wrapper.srcs/sources_1/bd/design_1/ipshared/91f5/hdl/axi_bram_ctrl_v4_0_rfs.vhd:22901]
INFO: [Synth 8-256] done synthesizing module 'axi_bram_ctrl' (13#1) [c:/Users/Jeff/Version2016_4/system_wrapper_v2/system_wrapper.srcs/sources_1/bd/design_1/ipshared/91f5/hdl/axi_bram_ctrl_v4_0_rfs.vhd:23897]
INFO: [Synth 8-256] done synthesizing module 'design_1_axi_bram_ctrl_0_0' (14#1) [c:/Users/Jeff/Version2016_4/system_wrapper_v2/system_wrapper.srcs/sources_1/bd/design_1/ip/design_1_axi_bram_ctrl_0_0/synth/design_1_axi_bram_ctrl_0_0.vhd:108]
Finished RTL Elaboration : Time (s): cpu = 00:00:13 ; elapsed = 00:00:15 . Memory (MB): peak = 435.457 ; gain = 225.168
Finished RTL Optimization Phase 1 : Time (s): cpu = 00:00:13 ; elapsed = 00:00:15 . Memory (MB): peak = 435.457 ; gain = 225.168
INFO: [Device 21-403] Loading part xc7z020clg484-1
Constraint Validation Runtime : Time (s): cpu = 00:00:00 ; elapsed = 00:00:00.031 . Memory (MB): peak = 687.738 ; gain = 0.020
Finished Constraint Validation : Time (s): cpu = 00:00:23 ; elapsed = 00:00:25 . Memory (MB): peak = 687.738 ; gain = 477.449
Finished Loading Part and Timing Information : Time (s): cpu = 00:00:23 ; elapsed = 00:00:25 . Memory (MB): peak = 687.738 ; gain = 477.449
Finished applying 'set_property' XDC Constraints : Time (s): cpu = 00:00:23 ; elapsed = 00:00:25 . Memory (MB): peak = 687.738 ; gain = 477.449
Finished RTL Optimization Phase 2 : Time (s): cpu = 00:00:23 ; elapsed = 00:00:26 . Memory (MB): peak = 687.738 ; gain = 477.449
Finished Cross Boundary and Area Optimization : Time (s): cpu = 00:00:25 ; elapsed = 00:00:27 . Memory (MB): peak = 687.738 ; gain = 477.449
Finished Applying XDC Timing Constraints : Time (s): cpu = 00:00:34 ; elapsed = 00:00:37 . Memory (MB): peak = 687.738 ; gain = 477.449
Finished Timing Optimization : Time (s): cpu = 00:00:35 ; elapsed = 00:00:38 . Memory (MB): peak = 687.738 ; gain = 477.449
Finished Technology Mapping : Time (s): cpu = 00:00:35 ; elapsed = 00:00:38 . Memory (MB): peak = 687.738 ; gain = 477.449
Finished IO Insertion : Time (s): cpu = 00:00:36 ; elapsed = 00:00:38 . Memory (MB): peak = 687.738 ; gain = 477.449
Finished Renaming Generated Instances : Time (s): cpu = 00:00:36 ; elapsed = 00:00:39 . Memory (MB): peak = 687.738 ; gain = 477.449
Finished Rebuilding User Hierarchy : Time (s): cpu = 00:00:36 ; elapsed = 00:00:39 . Memory (MB): peak = 687.738 ; gain = 477.449
Finished Renaming Generated Ports : Time (s): cpu = 00:00:36 ; elapsed = 00:00:39 . Memory (MB): peak = 687.738 ; gain = 477.449
Finished Handling Custom Attributes : Time (s): cpu = 00:00:36 ; elapsed = 00:00:39 . Memory (MB): peak = 687.738 ; gain = 477.449
Finished Renaming Generated Nets : Time (s): cpu = 00:00:36 ; elapsed = 00:00:39 . Memory (MB): peak = 687.738 ; gain = 477.449

Report Cell Usage: 
+------+--------+------+
|      |Cell    |Count |
+------+--------+------+
|1     |LUT1    |     2|
|2     |LUT2    |    23|
|3     |LUT3    |    52|
|4     |LUT4    |    44|
|5     |LUT5    |    29|
|6     |LUT6    |   120|
|7     |MUXCY_L |     3|
|8     |SRL16E  |    12|
|9     |XORCY   |     4|
|10    |FDR     |     1|
|11    |FDRE    |   234|
+------+--------+------+
Finished Writing Synthesis Report : Time (s): cpu = 00:00:36 ; elapsed = 00:00:39 . Memory (MB): peak = 687.738 ; gain = 477.449
synth_design: Time (s): cpu = 00:00:34 ; elapsed = 00:00:36 . Memory (MB): peak = 698.836 ; gain = 452.750
