#-----------------------------------------------------------
# Webtalk v2016.4 (64-bit)
# SW Build 1756540 on Mon Jan 23 19:11:23 MST 2017
# 
# Start of session at: Sun Jan 14 10:05:51 2018
# Process ID: 17224
# Current directory: C:/Users/Jeff/Version2016_4/system_wrapper_v2/system_wrapper.sdk/webtalk
# Command line: wbtcv.exe -mode batch -source sdk_webtalk.tcl
# Log file: C:/Users/Jeff/Version2016_4/system_wrapper_v2/system_wrapper.sdk/webtalk/webtalk.log
# Journal file: C:/Users/Jeff/Version2016_4/system_wrapper_v2/system_wrapper.sdk/webtalk\webtalk.jou
#-----------------------------------------------------------
source sdk_webtalk.tcl
# webtalk_init -webtalk_dir C:\\Users\\Jeff\\Version2016_4\\system_wrapper_v2\\system_wrapper.sdk\\webtalk
# webtalk_register_client -client project
# webtalk_add_data -client project -key date_generated -value "2018-01-14 10:05:51" -context "software_version_and_target_device"
# webtalk_add_data -client project -key product_version -value "SDK v2016.4" -context "software_version_and_target_device"
# webtalk_add_data -client project -key build_version -value "2016.4" -context "software_version_and_target_device"
# webtalk_add_data -client project -key os_platform -value "amd64" -context "software_version_and_target_device"
# webtalk_add_data -client project -key registration_id -value "" -context "software_version_and_target_device"
# webtalk_add_data -client project -key tool_flow -value "SDK" -context "software_version_and_target_device"
# webtalk_add_data -client project -key beta -value "false" -context "software_version_and_target_device"
# webtalk_add_data -client project -key route_design -value "NA" -context "software_version_and_target_device"
# webtalk_add_data -client project -key target_family -value "NA" -context "software_version_and_target_device"
# webtalk_add_data -client project -key target_device -value "NA" -context "software_version_and_target_device"
# webtalk_add_data -client project -key target_package -value "NA" -context "software_version_and_target_device"
# webtalk_add_data -client project -key target_speed -value "NA" -context "software_version_and_target_device"
# webtalk_add_data -client project -key random_id -value "62vqkg0o78i700j2l1uetu3opm" -context "software_version_and_target_device"
# webtalk_add_data -client project -key project_id -value "2016.4_4" -context "software_version_and_target_device"
# webtalk_add_data -client project -key project_iteration -value "4" -context "software_version_and_target_device"
# webtalk_add_data -client project -key os_name -value "Microsoft Windows 8 or later , 64-bit" -context "user_environment"
# webtalk_add_data -client project -key os_release -value "major release  (build 9200)" -context "user_environment"
# webtalk_add_data -client project -key cpu_name -value "Intel(R) Core(TM) i7-6700 CPU @ 3.40GHz" -context "user_environment"
# webtalk_add_data -client project -key cpu_speed -value "3408 MHz" -context "user_environment"
# webtalk_add_data -client project -key total_processors -value "1" -context "user_environment"
# webtalk_add_data -client project -key system_ram -value "21.000 GB" -context "user_environment"
# webtalk_register_client -client sdk
# webtalk_add_data -client sdk -key uid -value "1515894333854" -context "sdk\\\\bsp/1515894333854"
# webtalk_add_data -client sdk -key hwid -value "1515867360606" -context "sdk\\\\bsp/1515894333854"
# webtalk_add_data -client sdk -key os -value "standalone" -context "sdk\\\\bsp/1515894333854"
# webtalk_add_data -client sdk -key apptemplate -value "hello_world" -context "sdk\\\\bsp/1515894333854"
# webtalk_add_data -client sdk -key RecordType -value "BSPCreation" -context "sdk\\\\bsp/1515894333854"
# webtalk_add_data -client sdk -key uid -value "1515894335681" -context "sdk\\\\application/1515894335681"
# webtalk_add_data -client sdk -key hwid -value "1515867360606" -context "sdk\\\\application/1515894335681"
# webtalk_add_data -client sdk -key bspid -value "1515894333854" -context "sdk\\\\application/1515894335681"
# webtalk_add_data -client sdk -key newbsp -value "true" -context "sdk\\\\application/1515894335681"
# webtalk_add_data -client sdk -key os -value "standalone" -context "sdk\\\\application/1515894335681"
# webtalk_add_data -client sdk -key apptemplate -value "hello_world" -context "sdk\\\\application/1515894335681"
# webtalk_add_data -client sdk -key RecordType -value "APPCreation" -context "sdk\\\\application/1515894335681"
# webtalk_add_data -client sdk -key LangUsed -value "C" -context "sdk\\\\application/1515894335681"
# webtalk_add_data -client sdk -key Procused -value "ps7_cortexa9" -context "sdk\\\\application/1515894335681"
# webtalk_add_data -client sdk -key projSize -value "177.203125" -context "sdk\\\\application/1515894335681"
# webtalk_add_data -client sdk -key uid -value "NA" -context "sdk\\\\bsp/1515895551256"
# webtalk_add_data -client sdk -key RecordType -value "ToolUsage" -context "sdk\\\\bsp/1515895551256"
# webtalk_add_data -client sdk -key BootgenCount -value "0" -context "sdk\\\\bsp/1515895551256"
# webtalk_add_data -client sdk -key DebugCount -value "4" -context "sdk\\\\bsp/1515895551256"
# webtalk_add_data -client sdk -key PerfCount -value "0" -context "sdk\\\\bsp/1515895551256"
# webtalk_add_data -client sdk -key FlashCount -value "0" -context "sdk\\\\bsp/1515895551256"
# webtalk_add_data -client sdk -key CrossTriggCount -value "0" -context "sdk\\\\bsp/1515895551256"
# webtalk_add_data -client sdk -key QemuDebugCount -value "0" -context "sdk\\\\bsp/1515895551256"
# webtalk_transmit -clientid 1797514256 -regid "" -xml C:\\Users\\Jeff\\Version2016_4\\system_wrapper_v2\\system_wrapper.sdk\\webtalk\\usage_statistics_ext_sdk.xml -html C:\\Users\\Jeff\\Version2016_4\\system_wrapper_v2\\system_wrapper.sdk\\webtalk\\usage_statistics_ext_sdk.html -wdm C:\\Users\\Jeff\\Version2016_4\\system_wrapper_v2\\system_wrapper.sdk\\webtalk\\sdk_webtalk.wdm -intro "<H3>SDK Usage Report</H3><BR>"
# webtalk_terminate
INFO: [Common 17-206] Exiting Webtalk at Sun Jan 14 10:05:57 2018...
