#
# A fatal error has been detected by the Java Runtime Environment:
#
#  Internal Error (0xc000000d), pid=10676, tid=15432
#
# JRE version: Java(TM) SE Runtime Environment (8.0_66-b18) (build 1.8.0_66-b18)
# Java VM: Java HotSpot(TM) 64-Bit Server VM (25.66-b18 mixed mode windows-amd64 compressed oops)
# Problematic frame:
# C  [ntdll.dll+0x105a50]
#
# Failed to write core dump. Minidumps are not enabled by default on client versions of Windows
#
# If you would like to submit a bug report, please visit:
#   http://bugreport.java.com/bugreport/crash.jsp
#

---------------  T H R E A D  ---------------

Current thread (0x0000000014059000):  VMThread [stack: 0x0000000015d40000,0x0000000015e40000] [id=15432]

siginfo: ExceptionCode=0xc000000d

Registers:
RAX=0x0000b19addc26654, RBX=0xfffffffffffffffe, RCX=0x0000000000000000, RDX=0x0000000000000000
RSP=0x0000000015e3f270, RBP=0x00007ffa566e7408, RSI=0x0000000000000000, RDI=0x000000000000080c
R8 =0x00007ffa8357f236, R9 =0x00000000c0150008, R10=0x0000000000000000, R11=0x0000000000000000
R12=0x00000000260a7870, R13=0x0000000000641e20, R14=0x00000000260a7978, R15=0x0000000015e3f3e8
RIP=0x00007ffa83665a50, EFLAGS=0x0000000000000206

Top of Stack: (sp=0x0000000015e3f270)
0x0000000015e3f270:   0000000000000057 fffffffffffffffe
0x0000000015e3f280:   0000000000000000 000000000000080c
0x0000000015e3f290:   00000000c000000d 0000000000000000
0x0000000015e3f2a0:   00007ffa83665a50 0000000000000000
0x0000000015e3f2b0:   0000000000000000 0000000000000000
0x0000000015e3f2c0:   0000000000000000 0000000000000000
0x0000000015e3f2d0:   0000000000000000 0000000000000000
0x0000000015e3f2e0:   0000000000000000 0000000000000000
0x0000000015e3f2f0:   0000000000000000 0000000000000000
0x0000000015e3f300:   0000000000000000 0000000000000000
0x0000000015e3f310:   0000000000000000 0000000000000000
0x0000000015e3f320:   0000000000000000 00000000836a0101
0x0000000015e3f330:   0000b19addc27fe4 00000000000004e8
0x0000000015e3f340:   0000000000000000 00007ffa8361c829
0x0000000015e3f350:   00000000054f011b 0000000000000000
0x0000000015e3f360:   000000010000037f 000000002628ebd0 

Instructions: (pc=0x00007ffa83665a50)
0x00007ffa83665a30:   64 fa ff c7 44 24 20 0d 00 00 c0 b9 57 00 00 00
0x00007ffa83665a40:   e8 eb 4b f5 ff 90 48 8d 4c 24 20 e8 f0 fa f0 ff
0x00007ffa83665a50:   eb 00 48 8b 8c 24 c0 00 00 00 48 33 cc e8 1e 05
0x00007ffa83665a60:   f9 ff 48 81 c4 d8 00 00 00 c3 40 55 48 83 ec 20 


Register to memory mapping:

RAX=0x0000b19addc26654 is an unknown value
RBX=0xfffffffffffffffe is an unknown value
RCX=0x0000000000000000 is an unknown value
RDX=0x0000000000000000 is an unknown value
RSP=0x0000000015e3f270 is an unknown value
RBP=0x00007ffa566e7408 is an unknown value
RSI=0x0000000000000000 is an unknown value
RDI=0x000000000000080c is an unknown value
R8 =0x00007ffa8357f236 is an unknown value
R9 =0x00000000c0150008 is an unknown value
R10=0x0000000000000000 is an unknown value
R11=0x0000000000000000 is an unknown value
R12=0x00000000260a7870 is an unknown value
R13=0x0000000000641e20 is an unknown value
R14=0x00000000260a7978 is an unknown value
R15=0x0000000015e3f3e8 is an unknown value


Stack: [0x0000000015d40000,0x0000000015e40000],  sp=0x0000000015e3f270,  free space=1020k
Native frames: (J=compiled Java code, j=interpreted, Vv=VM code, C=native code)
C  [ntdll.dll+0x105a50]
C  [ntdll.dll+0xbc829]
C  [KERNEL32.DLL+0x1e6fa]
C  [MSVCR110.dll+0x752d]
C  [MSVCR110.dll+0x73c6]
C  [MSVCR110.dll+0x14cca]
C  [MSVCR110.dll+0x13edc]
C  [MSVCR110.dll+0x239e]
C  [MSVCR110.dll+0xaf9e]
C  [MSVCP110.dll+0x397b9]
C  [librdi_common.dll+0x183a66]
C  [librdi_common.dll+0x1826fb]
C  [librdi_target_manager.dll+0x2400]
C  [librdi_target_manager.dll+0x2682]
C  [ntdll.dll+0x2485f]
C  [ntdll.dll+0x4d43c]
C  [ntdll.dll+0x4d2f4]
C  [KERNEL32.DLL+0x1c0da]
C  [MSVCR100.dll+0x20ccd]
V  [jvm.dll+0x210cc5]
V  [jvm.dll+0x249897]
V  [jvm.dll+0x248b36]
V  [jvm.dll+0x248fd1]
V  [jvm.dll+0x2491ee]
V  [jvm.dll+0x29a0fa]
C  [MSVCR100.dll+0x21d9f]
C  [MSVCR100.dll+0x21e3b]
C  [KERNEL32.DLL+0x12774]
C  [ntdll.dll+0x70d51]

VM_Operation (0x000000000014f4c0): Exit, mode: safepoint, requested by thread 0x000000000053e000


---------------  P R O C E S S  ---------------

Java Threads: ( => current thread )
  0x0000000017497000 JavaThread "Thread-73" [_thread_blocked, id=17764, stack(0x000000002e2d0000,0x000000002e3d0000)]
  0x000000001749c800 JavaThread "Thread-28" daemon [_thread_blocked, id=16004, stack(0x0000000028440000,0x0000000028540000)]
  0x000000001a5b6800 JavaThread "Process monitor" daemon [_thread_in_native, id=16556, stack(0x0000000026c40000,0x0000000026d40000)]
  0x000000001a5b2800 JavaThread "Input Stream Monitor" daemon [_thread_blocked, id=18156, stack(0x0000000026b40000,0x0000000026c40000)]
  0x000000001a5b5800 JavaThread "Output Stream Monitor" daemon [_thread_in_native, id=15740, stack(0x0000000026a40000,0x0000000026b40000)]
  0x000000001a5b2000 JavaThread "Output Stream Monitor" daemon [_thread_in_native, id=8648, stack(0x0000000026940000,0x0000000026a40000)]
  0x000000001a5b3800 JavaThread "TCF Locator DNS Lookup" daemon [_thread_blocked, id=15680, stack(0x0000000024960000,0x0000000024a60000)]
  0x000000001a5aa800 JavaThread "TCF Locator Timer" daemon [_thread_blocked, id=17288, stack(0x0000000024860000,0x0000000024960000)]
  0x000000001a5b1000 JavaThread "TCF Locator Receiver" daemon [_thread_in_native, id=12116, stack(0x0000000024760000,0x0000000024860000)]
  0x000000001a5b0800 JavaThread "TCF Timer Dispatcher" daemon [_thread_blocked, id=18368, stack(0x0000000024560000,0x0000000024660000)]
  0x000000001a5af000 JavaThread "Worker-8" [_thread_blocked, id=17900, stack(0x0000000023e90000,0x0000000023f90000)]
  0x0000000016276800 JavaThread "EMF Reference Cleaner" daemon [_thread_blocked, id=3196, stack(0x0000000019410000,0x0000000019510000)]
  0x00000000161d7000 JavaThread "Service Thread" daemon [_thread_blocked, id=17844, stack(0x0000000016ab0000,0x0000000016bb0000)]
  0x0000000016147800 JavaThread "C1 CompilerThread3" daemon [_thread_blocked, id=14652, stack(0x00000000169b0000,0x0000000016ab0000)]
  0x000000001613f000 JavaThread "C2 CompilerThread2" daemon [_thread_blocked, id=14576, stack(0x00000000168b0000,0x00000000169b0000)]
  0x000000001613a000 JavaThread "C2 CompilerThread1" daemon [_thread_blocked, id=8560, stack(0x00000000167b0000,0x00000000168b0000)]
  0x0000000016137000 JavaThread "C2 CompilerThread0" daemon [_thread_blocked, id=17476, stack(0x00000000166b0000,0x00000000167b0000)]
  0x0000000016135800 JavaThread "Attach Listener" daemon [_thread_blocked, id=18180, stack(0x00000000165b0000,0x00000000166b0000)]
  0x00000000160eb000 JavaThread "Signal Dispatcher" daemon [_thread_blocked, id=17744, stack(0x00000000164b0000,0x00000000165b0000)]
  0x00000000027cb000 JavaThread "Finalizer" daemon [_thread_blocked, id=17752, stack(0x0000000015f40000,0x0000000016040000)]
  0x00000000027c4000 JavaThread "Reference Handler" daemon [_thread_blocked, id=10012, stack(0x0000000015e40000,0x0000000015f40000)]
  0x000000000053e000 JavaThread "main" [_thread_blocked, id=18116, stack(0x0000000000050000,0x0000000000150000)]

Other Threads:
=>0x0000000014059000 VMThread [stack: 0x0000000015d40000,0x0000000015e40000] [id=15432]

VM state:at safepoint (shutting down)

VM Mutex/Monitor currently owned by a thread:  ([mutex/lock_event])
[0x000000000053ca40] Threads_lock - owner thread: 0x0000000014059000

Heap:
 PSYoungGen      total 129536K, used 12956K [0x00000000f5580000, 0x00000000ff600000, 0x0000000100000000)
  eden space 102400K, 5% used [0x00000000f5580000,0x00000000f5b20fa8,0x00000000fb980000)
  from space 27136K, 26% used [0x00000000fb980000,0x00000000fc0862e8,0x00000000fd400000)
  to   space 27136K, 0% used [0x00000000fdb80000,0x00000000fdb80000,0x00000000ff600000)
 ParOldGen       total 107520K, used 53644K [0x00000000e0000000, 0x00000000e6900000, 0x00000000f5580000)
  object space 107520K, 49% used [0x00000000e0000000,0x00000000e34630b8,0x00000000e6900000)
 Metaspace       used 85893K, capacity 93190K, committed 93312K, reserved 1130496K
  class space    used 10523K, capacity 12665K, committed 12672K, reserved 1048576K

Card table byte_map: [0x0000000011ba0000,0x0000000011cb0000] byte_map_base: 0x00000000114a0000

Marking Bits: (ParMarkBitMap*) 0x000000006144a5b0
 Begin Bits: [0x0000000012560000, 0x0000000012d60000)
 End Bits:   [0x0000000012d60000, 0x0000000013560000)

Polling page: 0x0000000000590000

CodeCache: size=245760Kb used=29605Kb max_used=29858Kb free=216154Kb
 bounds [0x00000000027e0000, 0x0000000004550000, 0x00000000117e0000]
 total_blobs=8538 nmethods=7644 adapters=802
 compilation: enabled

Compilation events (10 events):
Event: 160.208 Thread 0x0000000016147800 nmethod 9411 0x0000000004527fd0 code [0x0000000004528300, 0x000000000452a498]
Event: 160.208 Thread 0x0000000016147800 9412       3       java.util.TimSort::gallopRight (335 bytes)
Event: 160.209 Thread 0x0000000016147800 nmethod 9412 0x0000000002fa37d0 code [0x0000000002fa39c0, 0x0000000002fa44b8]
Event: 160.210 Thread 0x000000001613a000 9421       4       org.eclipse.osgi.container.ModuleDatabase::readLock (11 bytes)
Event: 160.210 Thread 0x0000000016147800 9413       3       java.util.TimSort::gallopLeft (335 bytes)
Event: 160.210 Thread 0x0000000016147800 nmethod 9413 0x0000000002e48450 code [0x0000000002e48640, 0x0000000002e49118]
Event: 160.211 Thread 0x0000000016147800 9416       3       org.eclipse.osgi.container.Module::holdsTransitionEventLock (25 bytes)
Event: 160.211 Thread 0x0000000016147800 nmethod 9416 0x0000000003396190 code [0x0000000003396320, 0x0000000003396a48]
Event: 160.212 Thread 0x0000000016147800 9417       3       org.eclipse.osgi.container.ModuleWiring::unload (6 bytes)
Event: 160.212 Thread 0x0000000016147800 nmethod 9417 0x0000000003169350 code [0x00000000031694c0, 0x0000000003169648]

GC Heap History (10 events):
Event: 43.770 GC heap before
{Heap before GC invocations=13 (full 3):
 PSYoungGen      total 113152K, used 94720K [0x00000000f5580000, 0x00000000fe300000, 0x0000000100000000)
  eden space 94720K, 100% used [0x00000000f5580000,0x00000000fb200000,0x00000000fb200000)
  from space 18432K, 0% used [0x00000000fb800000,0x00000000fb800000,0x00000000fca00000)
  to   space 25088K, 0% used [0x00000000fca80000,0x00000000fca80000,0x00000000fe300000)
 ParOldGen       total 107520K, used 49816K [0x00000000e0000000, 0x00000000e6900000, 0x00000000f5580000)
  object space 107520K, 46% used [0x00000000e0000000,0x00000000e30a6370,0x00000000e6900000)
 Metaspace       used 68749K, capacity 74390K, committed 74624K, reserved 1114112K
  class space    used 8566K, capacity 10336K, committed 10368K, reserved 1048576K
Event: 43.781 GC heap after
Heap after GC invocations=13 (full 3):
 PSYoungGen      total 118784K, used 17871K [0x00000000f5580000, 0x00000000ff000000, 0x0000000100000000)
  eden space 93696K, 0% used [0x00000000f5580000,0x00000000f5580000,0x00000000fb100000)
  from space 25088K, 71% used [0x00000000fca80000,0x00000000fdbf3fc8,0x00000000fe300000)
  to   space 26112K, 0% used [0x00000000fb100000,0x00000000fb100000,0x00000000fca80000)
 ParOldGen       total 107520K, used 49824K [0x00000000e0000000, 0x00000000e6900000, 0x00000000f5580000)
  object space 107520K, 46% used [0x00000000e0000000,0x00000000e30a8370,0x00000000e6900000)
 Metaspace       used 68749K, capacity 74390K, committed 74624K, reserved 1114112K
  class space    used 8566K, capacity 10336K, committed 10368K, reserved 1048576K
}
Event: 120.101 GC heap before
{Heap before GC invocations=14 (full 3):
 PSYoungGen      total 118784K, used 111567K [0x00000000f5580000, 0x00000000ff000000, 0x0000000100000000)
  eden space 93696K, 100% used [0x00000000f5580000,0x00000000fb100000,0x00000000fb100000)
  from space 25088K, 71% used [0x00000000fca80000,0x00000000fdbf3fc8,0x00000000fe300000)
  to   space 26112K, 0% used [0x00000000fb100000,0x00000000fb100000,0x00000000fca80000)
 ParOldGen       total 107520K, used 49824K [0x00000000e0000000, 0x00000000e6900000, 0x00000000f5580000)
  object space 107520K, 46% used [0x00000000e0000000,0x00000000e30a8370,0x00000000e6900000)
 Metaspace       used 80629K, capacity 87360K, committed 87680K, reserved 1124352K
  class space    used 9914K, capacity 11844K, committed 11904K, reserved 1048576K
Event: 120.112 GC heap after
Heap after GC invocations=14 (full 3):
 PSYoungGen      total 119808K, used 23251K [0x00000000f5580000, 0x00000000ff180000, 0x0000000100000000)
  eden space 93696K, 0% used [0x00000000f5580000,0x00000000f5580000,0x00000000fb100000)
  from space 26112K, 89% used [0x00000000fb100000,0x00000000fc7b4e50,0x00000000fca80000)
  to   space 28672K, 0% used [0x00000000fd580000,0x00000000fd580000,0x00000000ff180000)
 ParOldGen       total 107520K, used 49832K [0x00000000e0000000, 0x00000000e6900000, 0x00000000f5580000)
  object space 107520K, 46% used [0x00000000e0000000,0x00000000e30aa370,0x00000000e6900000)
 Metaspace       used 80629K, capacity 87360K, committed 87680K, reserved 1124352K
  class space    used 9914K, capacity 11844K, committed 11904K, reserved 1048576K
}
Event: 125.099 GC heap before
{Heap before GC invocations=15 (full 3):
 PSYoungGen      total 119808K, used 31199K [0x00000000f5580000, 0x00000000ff180000, 0x0000000100000000)
  eden space 93696K, 8% used [0x00000000f5580000,0x00000000f5d42e50,0x00000000fb100000)
  from space 26112K, 89% used [0x00000000fb100000,0x00000000fc7b4e50,0x00000000fca80000)
  to   space 28672K, 0% used [0x00000000fd580000,0x00000000fd580000,0x00000000ff180000)
 ParOldGen       total 107520K, used 49832K [0x00000000e0000000, 0x00000000e6900000, 0x00000000f5580000)
  object space 107520K, 46% used [0x00000000e0000000,0x00000000e30aa370,0x00000000e6900000)
 Metaspace       used 80942K, capacity 87754K, committed 87936K, reserved 1126400K
  class space    used 9961K, capacity 11860K, committed 11904K, reserved 1048576K
Event: 125.114 GC heap after
Heap after GC invocations=15 (full 3):
 PSYoungGen      total 128000K, used 13670K [0x00000000f5580000, 0x00000000fee80000, 0x0000000100000000)
  eden space 102400K, 0% used [0x00000000f5580000,0x00000000f5580000,0x00000000fb980000)
  from space 25600K, 53% used [0x00000000fd580000,0x00000000fe2d98d8,0x00000000fee80000)
  to   space 27136K, 0% used [0x00000000fb980000,0x00000000fb980000,0x00000000fd400000)
 ParOldGen       total 107520K, used 49840K [0x00000000e0000000, 0x00000000e6900000, 0x00000000f5580000)
  object space 107520K, 46% used [0x00000000e0000000,0x00000000e30ac370,0x00000000e6900000)
 Metaspace       used 80942K, capacity 87754K, committed 87936K, reserved 1126400K
  class space    used 9961K, capacity 11860K, committed 11904K, reserved 1048576K
}
Event: 125.114 GC heap before
{Heap before GC invocations=16 (full 4):
 PSYoungGen      total 128000K, used 13670K [0x00000000f5580000, 0x00000000fee80000, 0x0000000100000000)
  eden space 102400K, 0% used [0x00000000f5580000,0x00000000f5580000,0x00000000fb980000)
  from space 25600K, 53% used [0x00000000fd580000,0x00000000fe2d98d8,0x00000000fee80000)
  to   space 27136K, 0% used [0x00000000fb980000,0x00000000fb980000,0x00000000fd400000)
 ParOldGen       total 107520K, used 49840K [0x00000000e0000000, 0x00000000e6900000, 0x00000000f5580000)
  object space 107520K, 46% used [0x00000000e0000000,0x00000000e30ac370,0x00000000e6900000)
 Metaspace       used 80942K, capacity 87754K, committed 87936K, reserved 1126400K
  class space    used 9961K, capacity 11860K, committed 11904K, reserved 1048576K
Event: 125.374 GC heap after
Heap after GC invocations=16 (full 4):
 PSYoungGen      total 128000K, used 0K [0x00000000f5580000, 0x00000000fee80000, 0x0000000100000000)
  eden space 102400K, 0% used [0x00000000f5580000,0x00000000f5580000,0x00000000fb980000)
  from space 25600K, 0% used [0x00000000fd580000,0x00000000fd580000,0x00000000fee80000)
  to   space 27136K, 0% used [0x00000000fb980000,0x00000000fb980000,0x00000000fd400000)
 ParOldGen       total 107520K, used 53572K [0x00000000e0000000, 0x00000000e6900000, 0x00000000f5580000)
  object space 107520K, 49% used [0x00000000e0000000,0x00000000e34510a8,0x00000000e6900000)
 Metaspace       used 80942K, capacity 87754K, committed 87936K, reserved 1126400K
  class space    used 9961K, capacity 11860K, committed 11904K, reserved 1048576K
}
Event: 159.837 GC heap before
{Heap before GC invocations=17 (full 4):
 PSYoungGen      total 128000K, used 102400K [0x00000000f5580000, 0x00000000fee80000, 0x0000000100000000)
  eden space 102400K, 100% used [0x00000000f5580000,0x00000000fb980000,0x00000000fb980000)
  from space 25600K, 0% used [0x00000000fd580000,0x00000000fd580000,0x00000000fee80000)
  to   space 27136K, 0% used [0x00000000fb980000,0x00000000fb980000,0x00000000fd400000)
 ParOldGen       total 107520K, used 53572K [0x00000000e0000000, 0x00000000e6900000, 0x00000000f5580000)
  object space 107520K, 49% used [0x00000000e0000000,0x00000000e34510a8,0x00000000e6900000)
 Metaspace       used 85777K, capacity 93062K, committed 93312K, reserved 1130496K
  class space    used 10514K, capacity 12665K, committed 12672K, reserved 1048576K
Event: 159.844 GC heap after
Heap after GC invocations=17 (full 4):
 PSYoungGen      total 129536K, used 7192K [0x00000000f5580000, 0x00000000ff600000, 0x0000000100000000)
  eden space 102400K, 0% used [0x00000000f5580000,0x00000000f5580000,0x00000000fb980000)
  from space 27136K, 26% used [0x00000000fb980000,0x00000000fc0862e8,0x00000000fd400000)
  to   space 27136K, 0% used [0x00000000fdb80000,0x00000000fdb80000,0x00000000ff600000)
 ParOldGen       total 107520K, used 53644K [0x00000000e0000000, 0x00000000e6900000, 0x00000000f5580000)
  object space 107520K, 49% used [0x00000000e0000000,0x00000000e34630b8,0x00000000e6900000)
 Metaspace       used 85777K, capacity 93062K, committed 93312K, reserved 1130496K
  class space    used 10514K, capacity 12665K, committed 12672K, reserved 1048576K
}

Deoptimization events (10 events):
Event: 159.143 Thread 0x000000000053e000 Uncommon trap: reason=unstable_if action=reinterpret pc=0x000000000438e320 method=org.eclipse.emf.ecore.impl.MinimalEObjectImpl.setField(ILjava/lang/Object;)V @ 9
Event: 159.143 Thread 0x000000000053e000 Uncommon trap: reason=unstable_if action=reinterpret pc=0x0000000003290a20 method=java.util.Arrays.equals([Ljava/lang/Object;[Ljava/lang/Object;)Z @ 65
Event: 159.143 Thread 0x000000000053e000 Uncommon trap: reason=unstable_if action=reinterpret pc=0x0000000004378fa8 method=org.eclipse.emf.ecore.impl.MinimalEObjectImpl.setField(ILjava/lang/Object;)V @ 9
Event: 159.197 Thread 0x0000000016fc1800 Uncommon trap: reason=unstable_if action=reinterpret pc=0x0000000003fbf178 method=org.eclipse.e4.ui.internal.workbench.swt.E4Application$1.syncExec(Ljava/lang/Runnable;)V @ 14
Event: 159.197 Thread 0x0000000016fc1800 Uncommon trap: reason=unstable_if action=reinterpret pc=0x0000000003d22808 method=org.eclipse.e4.ui.internal.workbench.swt.E4Application$1.syncExec(Ljava/lang/Runnable;)V @ 14
Event: 159.217 Thread 0x000000001749f800 Uncommon trap: reason=unstable_if action=reinterpret pc=0x0000000003c2b350 method=org.eclipse.equinox.internal.event.EventHandlerTracker.getHandlers(Ljava/lang/String;)Ljava/util/Set; @ 28
Event: 159.257 Thread 0x000000001749f800 Uncommon trap: reason=predicate action=maybe_recompile pc=0x000000000373d2b4 method=java.io.OutputStream.write([BII)V @ 62
Event: 159.830 Thread 0x000000001749f800 Uncommon trap: reason=unstable_if action=reinterpret pc=0x000000000335f260 method=org.eclipse.osgi.internal.hooks.EclipseLazyStarter.shouldActivateFor(Ljava/lang/String;Lorg/eclipse/osgi/container/Module;Lorg/eclipse/osgi/container/ModuleRevision;Lorg/ecli±T8jd@
Event: 160.189 Thread 0x000000001749f800 Uncommon trap: reason=unstable_if action=reinterpret pc=0x00000000040d9e30 method=sun.nio.cs.ext.DoubleByte$Decoder.decode([BII[C)I @ 49
Event: 160.205 Thread 0x000000001749f800 Uncommon trap: reason=unstable_if action=reinterpret pc=0x0000000003e3d19c method=sun.reflect.UnsafeStaticObjectFieldAccessorImpl.set(Ljava/lang/Object;Ljava/lang/Object;)V @ 13

Internal exceptions (10 events):
Event: 159.187 Thread 0x000000000053e000 Exception <a 'java/io/FileNotFoundException'> (0x00000000fb2d2400) thrown at [C:\re\workspace\8-2-build-windows-amd64-cygwin\jdk8u66\5298\hotspot\src\share\vm\prims\jni.cpp, line 709]
Event: 159.253 Thread 0x000000001749b800 Exception <a 'java/lang/InterruptedException'> (0x00000000fb724b00) thrown at [C:\re\workspace\8-2-build-windows-amd64-cygwin\jdk8u66\5298\hotspot\src\share\vm\runtime\objectMonitor.cpp, line 1683]
Event: 159.881 Thread 0x0000000016fc1800 Exception <a 'java/lang/InterruptedException'> (0x00000000f571e3e8) thrown at [C:\re\workspace\8-2-build-windows-amd64-cygwin\jdk8u66\5298\hotspot\src\share\vm\runtime\objectMonitor.cpp, line 1683]
Event: 160.189 Thread 0x000000001749f800 Exception <a 'java/io/IOException'> (0x00000000f570e148) thrown at [C:\re\workspace\8-2-build-windows-amd64-cygwin\jdk8u66\5298\hotspot\src\share\vm\prims\jni.cpp, line 709]
Event: 160.189 Thread 0x000000001749f800 Exception <a 'java/io/IOException'> (0x00000000f570e408) thrown at [C:\re\workspace\8-2-build-windows-amd64-cygwin\jdk8u66\5298\hotspot\src\share\vm\prims\jni.cpp, line 709]
Event: 160.189 Thread 0x000000001749f800 Exception <a 'java/io/IOException'> (0x00000000f570e698) thrown at [C:\re\workspace\8-2-build-windows-amd64-cygwin\jdk8u66\5298\hotspot\src\share\vm\prims\jni.cpp, line 709]
Event: 160.205 Thread 0x000000001749f800 Implicit null exception at 0x0000000003e3cd93 to 0x0000000003e3d189
Event: 160.206 Thread 0x00000000164a1000 Exception <a 'java/lang/InterruptedException'> (0x00000000f5719428) thrown at [C:\re\workspace\8-2-build-windows-amd64-cygwin\jdk8u66\5298\hotspot\src\share\vm\runtime\objectMonitor.cpp, line 1683]
Event: 160.208 Thread 0x0000000016fbc000 Exception <a 'java/lang/InterruptedException'> (0x00000000f568abd0) thrown at [C:\re\workspace\8-2-build-windows-amd64-cygwin\jdk8u66\5298\hotspot\src\share\vm\runtime\objectMonitor.cpp, line 1683]
Event: 160.209 Thread 0x00000000162a3800 Exception <a 'java/lang/InterruptedException'> (0x00000000f591b930) thrown at [C:\re\workspace\8-2-build-windows-amd64-cygwin\jdk8u66\5298\hotspot\src\share\vm\runtime\objectMonitor.cpp, line 1683]

Events (10 events):
Event: 160.212 Thread 0x000000001749b000 Thread exited: 0x000000001749b000
Event: 160.212 Thread 0x0000000016147800 flushing nmethod 0x0000000003429d10
Event: 160.212 Thread 0x0000000016147800 flushing nmethod 0x000000000343ee10
Event: 160.212 Thread 0x0000000016147800 flushing nmethod 0x000000000344b9d0
Event: 160.212 Thread 0x0000000016147800 flushing nmethod 0x00000000034c1d10
Event: 160.212 Thread 0x0000000016147800 flushing nmethod 0x00000000034d5050
Event: 160.212 Thread 0x0000000016147800 flushing nmethod 0x000000000350a710
Event: 160.212 Thread 0x0000000016147800 flushing nmethod 0x000000000350d210
Event: 160.212 Thread 0x0000000016147800 flushing nmethod 0x000000000351ff50
Event: 160.212 Executing VM operation: Exit


Dynamic libraries:
0x0000000000400000 - 0x000000000044f000 	C:\Xilinx\SDK\2016.4\eclipse\win64.o\eclipse.exe
0x00007ffa83560000 - 0x00007ffa8373b000 	C:\WINDOWS\SYSTEM32\ntdll.dll
0x00007ffa80f90000 - 0x00007ffa8103e000 	C:\WINDOWS\System32\KERNEL32.DLL
0x00007ffa80460000 - 0x00007ffa806a9000 	C:\WINDOWS\System32\KERNELBASE.dll
0x00007ffa80e40000 - 0x00007ffa80f8a000 	C:\WINDOWS\System32\USER32.dll
0x00007ffa803f0000 - 0x00007ffa8040e000 	C:\WINDOWS\System32\win32u.dll
0x00007ffa83210000 - 0x00007ffa83237000 	C:\WINDOWS\System32\GDI32.dll
0x00007ffa807b0000 - 0x00007ffa80937000 	C:\WINDOWS\System32\gdi32full.dll
0x00007ffa80350000 - 0x00007ffa803ea000 	C:\WINDOWS\System32\msvcp_win.dll
0x00007ffa806b0000 - 0x00007ffa807a6000 	C:\WINDOWS\System32\ucrtbase.dll
0x00007ffa80bd0000 - 0x00007ffa80c6d000 	C:\WINDOWS\System32\msvcrt.dll
0x00007ffa75fe0000 - 0x00007ffa76247000 	C:\WINDOWS\WinSxS\amd64_microsoft.windows.common-controls_6595b64144ccf1df_6.0.15063.483_none_26002d27e7c744a2\COMCTL32.dll
0x00007ffa82480000 - 0x00007ffa82779000 	C:\WINDOWS\System32\combase.dll
0x00007ffa832b0000 - 0x00007ffa833d5000 	C:\WINDOWS\System32\RPCRT4.dll
0x00007ffa80940000 - 0x00007ffa809aa000 	C:\WINDOWS\System32\bcryptPrimitives.dll
0x00007ffa80e10000 - 0x00007ffa80e3d000 	C:\WINDOWS\System32\IMM32.DLL
0x0000000072000000 - 0x0000000072012000 	C:\Xilinx\SDK\2016.4\eclipse\win64.o\plugins\org.eclipse.equinox.launcher.win32.win32.x86_64_1.1.300.v20150602-1417\eclipse_1611.dll
0x00007ffa82d20000 - 0x00007ffa82dc1000 	C:\WINDOWS\System32\ADVAPI32.dll
0x00007ffa82cc0000 - 0x00007ffa82d19000 	C:\WINDOWS\System32\sechost.dll
0x00007ffa727c0000 - 0x00007ffa727ca000 	C:\WINDOWS\SYSTEM32\VERSION.dll
0x00007ffa7e210000 - 0x00007ffa7e2a5000 	C:\WINDOWS\system32\uxtheme.dll
0x00007ffa82ab0000 - 0x00007ffa82c16000 	C:\WINDOWS\System32\MSCTF.dll
0x00007ffa82780000 - 0x00007ffa82840000 	C:\WINDOWS\System32\OLEAUT32.dll
0x00007ffa76d00000 - 0x00007ffa76d48000 	C:\Program Files (x86)\TeamViewer\tv_x64.dll
0x00007ffa81040000 - 0x00007ffa82477000 	C:\WINDOWS\System32\SHELL32.dll
0x00007ffa80410000 - 0x00007ffa80459000 	C:\WINDOWS\System32\cfgmgr32.dll
0x00007ffa829a0000 - 0x00007ffa82a4a000 	C:\WINDOWS\System32\shcore.dll
0x00007ffa7fa80000 - 0x00007ffa80171000 	C:\WINDOWS\System32\windows.storage.dll
0x00007ffa83500000 - 0x00007ffa83551000 	C:\WINDOWS\System32\shlwapi.dll
0x00007ffa7fa60000 - 0x00007ffa7fa71000 	C:\WINDOWS\System32\kernel.appcore.dll
0x00007ffa7f9f0000 - 0x00007ffa7fa3c000 	C:\WINDOWS\System32\powrprof.dll
0x00007ffa7fa40000 - 0x00007ffa7fa55000 	C:\WINDOWS\System32\profapi.dll
0x00007ffa82850000 - 0x00007ffa82995000 	C:\WINDOWS\System32\ole32.dll
0x0000000060c40000 - 0x00000000614c9000 	C:\Xilinx\SDK\2016.4\tps\win64\jre\bin\server\jvm.dll
0x00007ffa82840000 - 0x00007ffa82848000 	C:\WINDOWS\System32\PSAPI.DLL
0x00007ffa7db70000 - 0x00007ffa7db93000 	C:\WINDOWS\SYSTEM32\WINMM.dll
0x00007ffa71ec0000 - 0x00007ffa71ec9000 	C:\WINDOWS\SYSTEM32\WSOCK32.dll
0x0000000069080000 - 0x0000000069152000 	C:\WINDOWS\SYSTEM32\MSVCR100.dll
0x00007ffa83240000 - 0x00007ffa832ac000 	C:\WINDOWS\System32\WS2_32.dll
0x00007ffa7da00000 - 0x00007ffa7da2b000 	C:\WINDOWS\SYSTEM32\WINMMBASE.dll
0x0000000067210000 - 0x000000006721f000 	C:\Xilinx\SDK\2016.4\tps\win64\jre\bin\verify.dll
0x0000000060ae0000 - 0x0000000060b09000 	C:\Xilinx\SDK\2016.4\tps\win64\jre\bin\java.dll
0x0000000060ac0000 - 0x0000000060ad6000 	C:\Xilinx\SDK\2016.4\tps\win64\jre\bin\zip.dll
0x00007ffa7f420000 - 0x00007ffa7f437000 	C:\WINDOWS\SYSTEM32\CRYPTSP.dll
0x00007ffa7eea0000 - 0x00007ffa7eed4000 	C:\WINDOWS\system32\rsaenh.dll
0x00007ffa7f590000 - 0x00007ffa7f5b5000 	C:\WINDOWS\SYSTEM32\bcrypt.dll
0x00007ffa7f900000 - 0x00007ffa7f929000 	C:\WINDOWS\SYSTEM32\USERENV.dll
0x00007ffa7f440000 - 0x00007ffa7f44b000 	C:\WINDOWS\SYSTEM32\CRYPTBASE.dll
0x0000000060aa0000 - 0x0000000060aba000 	C:\Xilinx\SDK\2016.4\tps\win64\jre\bin\net.dll
0x00007ffa7f280000 - 0x00007ffa7f2dc000 	C:\WINDOWS\system32\mswsock.dll
0x00007ffa7f020000 - 0x00007ffa7f057000 	C:\WINDOWS\SYSTEM32\IPHLPAPI.DLL
0x00007ffa834f0000 - 0x00007ffa834f8000 	C:\WINDOWS\System32\NSI.dll
0x00007ffa746d0000 - 0x00007ffa746e6000 	C:\WINDOWS\SYSTEM32\dhcpcsvc6.DLL
0x00007ffa746b0000 - 0x00007ffa746ca000 	C:\WINDOWS\SYSTEM32\dhcpcsvc.DLL
0x0000000060a80000 - 0x0000000060a91000 	C:\Xilinx\SDK\2016.4\tps\win64\jre\bin\nio.dll
0x00007ffa6c070000 - 0x00007ffa6c086000 	C:\WINDOWS\system32\napinsp.dll
0x00007ffa6c050000 - 0x00007ffa6c06a000 	C:\WINDOWS\system32\pnrpnsp.dll
0x00007ffa7caa0000 - 0x00007ffa7cab8000 	C:\WINDOWS\system32\NLAapi.dll
0x00007ffa7f060000 - 0x00007ffa7f104000 	C:\WINDOWS\SYSTEM32\DNSAPI.dll
0x00007ffa6c040000 - 0x00007ffa6c04e000 	C:\WINDOWS\System32\winrnr.dll
0x0000000069010000 - 0x0000000069036000 	C:\Program Files\Bonjour\mdnsNSP.dll
0x00007ffa73970000 - 0x00007ffa7397a000 	C:\Windows\System32\rasadhlp.dll
0x00007ffa74910000 - 0x00007ffa7497b000 	C:\WINDOWS\System32\fwpuclnt.dll
0x0000000019310000 - 0x00000000193b8000 	C:\Users\Jeff\.Xilinx\SDK\2016.4\org.eclipse.osgi\319\0\.cp\swt-win32-4527.dll
0x00007ffa833e0000 - 0x00007ffa834e8000 	C:\WINDOWS\System32\comdlg32.dll
0x00007ffa80180000 - 0x00007ffa80349000 	C:\WINDOWS\System32\CRYPT32.dll
0x00007ffa7f9d0000 - 0x00007ffa7f9e1000 	C:\WINDOWS\System32\MSASN1.dll
0x00007ffa782d0000 - 0x00007ffa782e9000 	C:\WINDOWS\SYSTEM32\USP10.dll
0x00007ffa6c710000 - 0x00007ffa6c79a000 	C:\WINDOWS\SYSTEM32\WINSPOOL.DRV
0x00007ffa704e0000 - 0x00007ffa7080e000 	C:\WINDOWS\SYSTEM32\WININET.dll
0x00007ffa7ca00000 - 0x00007ffa7ca2a000 	C:\WINDOWS\system32\dwmapi.dll
0x00007ffa7c860000 - 0x00007ffa7c9f6000 	C:\WINDOWS\SYSTEM32\propsys.dll
0x00007ffa82c20000 - 0x00007ffa82cbe000 	C:\WINDOWS\System32\clbcatq.dll
0x0000000019730000 - 0x000000001974e000 	C:\Users\Jeff\.Xilinx\SDK\2016.4\org.eclipse.osgi\319\0\.cp\swt-gdip-win32-4527.dll
0x00007ffa5d700000 - 0x00007ffa5d895000 	C:\WINDOWS\WinSxS\amd64_microsoft.windows.gdiplus_6595b64144ccf1df_1.1.15063.608_none_56f0266b425534e9\gdiplus.dll
0x00007ffa7c190000 - 0x00007ffa7c33c000 	C:\WINDOWS\SYSTEM32\WindowsCodecs.dll
0x0000000180000000 - 0x0000000180012000 	C:\Users\Jeff\.Xilinx\SDK\2016.4\org.eclipse.osgi\133\0\.cp\os\win32\x86_64\localfile_1_0_0.dll
0x00007ffa6a730000 - 0x00007ffa6a79b000 	C:\WINDOWS\SYSTEM32\oleacc.dll
0x00007ffa6c7a0000 - 0x00007ffa6c7a7000 	C:\WINDOWS\SYSTEM32\msimg32.dll
0x00007ffa64df0000 - 0x00007ffa64e01000 	C:\Users\Jeff\.Xilinx\SDK\2016.4\org.eclipse.osgi\136\0\.cp\jWinHttp-1.0.0.dll
0x00007ffa73980000 - 0x00007ffa73a56000 	C:\WINDOWS\SYSTEM32\WINHTTP.dll
0x00007ffa74600000 - 0x00007ffa7460f000 	C:\Xilinx\SDK\2016.4\lib\win64.o\librdi_repo_manager.dll
0x00007ffa583f0000 - 0x00007ffa5841a000 	C:\Xilinx\SDK\2016.4\lib\win64.o\libisl_sysinfo.dll
0x00007ffa0e430000 - 0x00007ffa0eeda000 	C:\Xilinx\SDK\2016.4\lib\win64.o\librdi_common.dll
0x00007ffa2f020000 - 0x00007ffa2f073000 	C:\Xilinx\SDK\2016.4\lib\win64.o\librdi_commonxillic.dll
0x00007ffa56480000 - 0x00007ffa56527000 	C:\WINDOWS\SYSTEM32\MSVCP110.dll
0x00007ffa566e0000 - 0x00007ffa567b4000 	C:\WINDOWS\SYSTEM32\MSVCR110.dll
0x00007ffa20c60000 - 0x00007ffa20fce000 	C:\Xilinx\SDK\2016.4\lib\win64.o\libCOIN-all.dll
0x00007ffa56430000 - 0x00007ffa56454000 	C:\Xilinx\SDK\2016.4\lib\win64.o\libboost_filesystem.dll
0x00007ffa6d6c0000 - 0x00007ffa6d6d0000 	C:\Xilinx\SDK\2016.4\lib\win64.o\libboost_date_time.dll
0x00007ffa21180000 - 0x00007ffa211f7000 	C:\Xilinx\SDK\2016.4\lib\win64.o\libboost_program_options.dll
0x00007ffa20b50000 - 0x00007ffa20c56000 	C:\Xilinx\SDK\2016.4\lib\win64.o\libboost_regex.dll
0x00007ffa5cbd0000 - 0x00007ffa5cbe3000 	C:\Xilinx\SDK\2016.4\lib\win64.o\libboost_signals.dll
0x00007ffa6b4b0000 - 0x00007ffa6b4b9000 	C:\Xilinx\SDK\2016.4\lib\win64.o\libboost_system.dll
0x00007ffa687f0000 - 0x00007ffa687fb000 	C:\Xilinx\SDK\2016.4\lib\win64.o\libboost_xilinx.dll
0x00007ffa21100000 - 0x00007ffa21180000 	C:\Xilinx\SDK\2016.4\lib\win64.o\libhdlpsolve.dll
0x00007ffa5aca0000 - 0x00007ffa5acbd000 	C:\Xilinx\SDK\2016.4\lib\win64.o\libboost_thread.dll
0x00007ffa20ab0000 - 0x00007ffa20b4a000 	C:\Xilinx\SDK\2016.4\lib\win64.o\libhdxml.dll
0x00007ffa20890000 - 0x00007ffa20aaf000 	C:\Xilinx\SDK\2016.4\lib\win64.o\libXil_lmgr11.dll
0x00007ffa16600000 - 0x00007ffa169c9000 	C:\Xilinx\SDK\2016.4\lib\win64.o\libisl_iostreams.dll
0x00007ffa809b0000 - 0x00007ffa80a06000 	C:\WINDOWS\System32\WINTRUST.dll
0x00007ffa58450000 - 0x00007ffa58465000 	C:\Xilinx\SDK\2016.4\lib\win64.o\pthreadVC2.dll
0x00007ffa56380000 - 0x00007ffa56398000 	C:\Xilinx\SDK\2016.4\lib\win64.o\librdiconfig.dll
0x00007ffa20760000 - 0x00007ffa20890000 	C:\Xilinx\SDK\2016.4\lib\win64.o\librdi_curl.dll
0x00007ffa551d0000 - 0x00007ffa551ef000 	C:\Xilinx\SDK\2016.4\lib\win64.o\librdizlib.dll
0x0000000060b10000 - 0x0000000060c37000 	C:\Xilinx\SDK\2016.4\lib\win64.o\tcl85t.dll
0x00007ffa767f0000 - 0x00007ffa769b7000 	C:\WINDOWS\SYSTEM32\urlmon.dll
0x00007ffa6f1a0000 - 0x00007ffa6f1c3000 	C:\WINDOWS\SYSTEM32\VCOMP110.DLL
0x00007ffa72dd0000 - 0x00007ffa72de7000 	C:\WINDOWS\SYSTEM32\NETAPI32.dll
0x00007ffa60430000 - 0x00007ffa6043b000 	C:\Xilinx\SDK\2016.4\lib\win64.o\libboost_chrono.dll
0x00007ffa540b0000 - 0x00007ffa540c6000 	C:\Xilinx\SDK\2016.4\lib\win64.o\libboost_iostreams.dll
0x00007ffa769c0000 - 0x00007ffa76c4a000 	C:\WINDOWS\SYSTEM32\iertutil.dll
0x00007ffa34210000 - 0x00007ffa34233000 	C:\Xilinx\SDK\2016.4\lib\win64.o\libisl_iosutils.dll
0x00007ffa16f20000 - 0x00007ffa17118000 	C:\Xilinx\SDK\2016.4\lib\win64.o\librdi_hsm.dll
0x00007ffa14ad0000 - 0x00007ffa14d98000 	C:\Xilinx\SDK\2016.4\lib\win64.o\librdi_ippcw.dll
0x00007ffa20710000 - 0x00007ffa20753000 	C:\Xilinx\SDK\2016.4\lib\win64.o\librdi_hdf.dll
0x0000000024c90000 - 0x0000000024ef3000 	C:\Xilinx\SDK\2016.4\lib\win64.o\xerces-c_3_1.dll
0x00007ffa78010000 - 0x00007ffa78092000 	C:\WINDOWS\System32\TextInputFramework.dll
0x00007ffa7bcf0000 - 0x00007ffa7bfc2000 	C:\WINDOWS\System32\CoreUIComponents.dll
0x00007ffa7d8e0000 - 0x00007ffa7d9c3000 	C:\WINDOWS\System32\CoreMessaging.dll
0x00007ffa7ebe0000 - 0x00007ffa7ec11000 	C:\WINDOWS\SYSTEM32\ntmarta.dll
0x00007ffa7c840000 - 0x00007ffa7c855000 	C:\WINDOWS\SYSTEM32\usermgrcli.dll
0x00007ffa7bbb0000 - 0x00007ffa7bce9000 	C:\WINDOWS\SYSTEM32\wintypes.dll
0x00007ffa7e080000 - 0x00007ffa7e0fe000 	C:\WINDOWS\SYSTEM32\apphelp.dll
0x00007ffa74610000 - 0x00007ffa7461a000 	C:\Xilinx\SDK\2016.4\lib\win64.o\librdi_jtag_settings.dll
0x00007ffa210d0000 - 0x00007ffa210f9000 	C:\Xilinx\SDK\2016.4\lib\win64.o\librdi_debug_dialog.dll
0x00007ffa60410000 - 0x00007ffa60418000 	C:\Xilinx\SDK\2016.4\lib\win64.o\librdi_target_manager.dll
0x00007ffa67080000 - 0x00007ffa670c4000 	C:\WINDOWS\SYSTEM32\edputil.dll

VM Arguments:
jvm_args: -Dcom.xilinx.sdk.args.hwspec=C:/Users/Jeff/Version2016_4/system_wrapper_v2/system_wrapper.sdk/design_1_wrapper.hdf -Xms64m -Xmx512m & 
java_command: <unknown>
java_class_path (initial): C:\Xilinx\SDK\2016.4\eclipse\win64.o\\plugins/org.eclipse.equinox.launcher_1.3.100.v20150511-1540.jar
Launcher Type: generic

Environment Variables:
PATH=C:/Xilinx/SDK/2016.4/tps/win64/jre/bin/server;C:/Xilinx/SDK/2016.4/tps/win64/jre/bin;C:/Xilinx/SDK/2016.4/tps/win64/jre/lib/amd64;C:\Xilinx\SDK\2016.4\gnuwin\bin;C:\Xilinx\SDK\2016.4\gnu\microblaze\nt\bin;C:\Xilinx\SDK\2016.4\gnu\microblaze\linux_toolchain\nt64_le\bin;C:\Xilinx\SDK\2016.4\gnu\microblaze\linux_toolchain\nt64_be\bin;C:\Xilinx\SDK\2016.4\gnu\arm\nt\bin;C:\Xilinx\SDK\2016.4\gnu\aarch64\nt\aarch64-none\bin;C:\Xilinx\SDK\2016.4\gnu\aarch64\nt\aarch64-linux\bin;C:\Xilinx\SDK\2016.4\gnu\armr5\nt\gcc-arm-none-eabi\bin;C:\Xilinx\SDK\2016.4\gnu\aarch32\nt\gcc-arm-none-eabi\bin;C:\Xilinx\SDK\2016.4\gnu\aarch32\nt\gcc-arm-linux-gnueabi\bin;C:\Xilinx\SDK\2016.4\tps\win64\cmake-3.3.2\bin;;C:\Xilinx\SDK\2016.4\bin;C:\Xilinx\SDK\2016.4\lib\win64.o;C:\Xilinx\SDK\2016.4\tps\win64\jre\bin\server;C:\Xilinx\SDK\2016.4\tps\win64\jre\bin;C:\Xilinx\Vivado\2016.4\ids_lite\ISE\bin\nt64;C:\Xilinx\Vivado\2016.4\ids_lite\ISE\lib\nt64;C:\Xilinx\Vivado\2016.4\bin;C:\Xilinx\Vivado\2016.4\lib\win64.o;C:\Xilinx\Vivado\2016.4\tps\win64\jre\bin\server;C:\Xilinx\Vivado\2016.4\tps\win64\jre\bin;C:\Xilinx\Vivado_HLS\2016.4\bin;C:\WINDOWS\system32;C:\WINDOWS;C:\WINDOWS\System32\Wbem;C:\WINDOWS\System32\WindowsPowerShell\v1.0\;C:\Program Files\MATLAB\R2017a\runtime\win64;C:\Program Files\MATLAB\R2017a\bin;C:\Users\Jeff\AppData\Local\Microsoft\WindowsApps;;c:\Users\Jeff\Version2016_4\system_wrapper_v2;
USERNAME=Jeff
OS=Windows_NT
PROCESSOR_IDENTIFIER=Intel64 Family 6 Model 94 Stepping 3, GenuineIntel



---------------  S Y S T E M  ---------------

OS: Windows 10.0 , 64 bit Build 15063 (10.0.15063.296)

CPU:total 8 (4 cores per cpu, 2 threads per core) family 6 model 94 stepping 3, cmov, cx8, fxsr, mmx, sse, sse2, sse3, ssse3, sse4.1, sse4.2, popcnt, avx, avx2, aes, clmul, erms, rtm, 3dnowpref, lzcnt, ht, tsc, tscinvbit, bmi1, bmi2, adx

Memory: 4k page, physical 20847148k(4327672k free), swap 29109452k(5334636k free)

vm_info: Java HotSpot(TM) 64-Bit Server VM (25.66-b18) for windows-amd64 JRE (1.8.0_66-b18), built on Nov  9 2015 10:51:13 by "java_re" with MS VC++ 10.0 (VS2010)

time: Sun Jan 14 10:55:33 2018
elapsed time: 161 seconds (0d 0h 2m 41s)

